{"name": "test_searchPrdoductUsingSearchLog", "status": "failed", "statusDetails": {"message": "AssertionError", "trace": "self = <Amazon.pages.Homepage.HomePage object at 0x00000240C8A4FE50>, locatorvalue = 'iphone 14', locatorType = 'text'\n\n    def clickElement(self, locatorvalue, locatorType='id'):\n        element = None\n        try:\n            locatorType = locatorType.lower()\n>           element = self.WaitForElement(locatorvalue, locatorType)\n\n..\\base\\BasePage.py:63: \n_ _ _ _ _ _ _ _ _ _ _ _ _ _ _ _ _ _ _ _ _ _ _ _ _ _ _ _ _ _ _ _ _ _ _ _ _ _ _ _ _ _ _ _ _ _ _ _ _ _ _ _ _ _ _ _ _ _ _ _ _ _ _ _ _ _ _ \n..\\base\\BasePage.py:39: in WaitForElement\n    element = wait.until(lambda x: x.find_element(AppiumBy.ANDROID_UIAUTOMATOR, 'text(\"%s\")' % locatorvalue))\n_ _ _ _ _ _ _ _ _ _ _ _ _ _ _ _ _ _ _ _ _ _ _ _ _ _ _ _ _ _ _ _ _ _ _ _ _ _ _ _ _ _ _ _ _ _ _ _ _ _ _ _ _ _ _ _ _ _ _ _ _ _ _ _ _ _ _ \n\nself = <selenium.webdriver.support.wait.WebDriverWait (session=\"c65d9be7-21a9-4674-ab49-75eb3e2dde8d\")>\nmethod = <function BasePage.WaitForElement.<locals>.<lambda> at 0x00000240C8A640E0>, message = ''\n\n    def until(self, method, message: str = \"\"):\n        \"\"\"Calls the method provided with the driver as an argument until the \\\n        return value does not evaluate to ``False``.\n    \n        :param method: callable(WebDriver)\n        :param message: optional message for :exc:`TimeoutException`\n        :returns: the result of the last call to `method`\n        :raises: :exc:`selenium.common.exceptions.TimeoutException` if timeout occurs\n        \"\"\"\n        screen = None\n        stacktrace = None\n    \n        end_time = time.monotonic() + self._timeout\n        while True:\n            try:\n                value = method(self._driver)\n                if value:\n                    return value\n            except self._ignored_exceptions as exc:\n                screen = getattr(exc, \"screen\", None)\n                stacktrace = getattr(exc, \"stacktrace\", None)\n            time.sleep(self._poll)\n            if time.monotonic() > end_time:\n                break\n>       raise TimeoutException(message, screen, stacktrace)\nE       selenium.common.exceptions.TimeoutException: Message: \nE       Stacktrace:\nE       NoSuchElementError: An element could not be located on the page using the given search parameters.\nE           at AndroidUiautomator2Driver.findElOrEls (C:\\Users\\vnaganur\\.appium\\node_modules\\appium-uiautomator2-driver\\node_modules\\appium-android-driver\\lib\\commands\\find.js:75:11)\nE           at processTicksAndRejections (node:internal/process/task_queues:95:5)\nE           at AndroidUiautomator2Driver.findElOrElsWithProcessing (C:\\Users\\vnaganur\\AppData\\Roaming\\npm\\node_modules\\appium\\node_modules\\@appium\\base-driver\\lib\\basedriver\\commands\\find.ts:60:12)\nE           at AndroidUiautomator2Driver.findElement (C:\\Users\\vnaganur\\AppData\\Roaming\\npm\\node_modules\\appium\\node_modules\\@appium\\base-driver\\lib\\basedriver\\commands\\find.ts:75:12)\n\n..\\..\\venv\\Lib\\site-packages\\selenium\\webdriver\\support\\wait.py:95: TimeoutException\n\nDuring handling of the above exception, another exception occurred:\n\nself = <Amazon.tests.test_home_page.HomePageTest testMethod=test_searchPrdoductUsingSearchLog>\n\n    @pytest.mark.run(order=3)\n    def test_searchPrdoductUsingSearchLog(self):\n        self.cf.click_on_search_bar()\n        self.cf.search_product_on_Amazon()\n>       self.cf.clickiphone_14()\n\ntest_home_page.py:28: \n_ _ _ _ _ _ _ _ _ _ _ _ _ _ _ _ _ _ _ _ _ _ _ _ _ _ _ _ _ _ _ _ _ _ _ _ _ _ _ _ _ _ _ _ _ _ _ _ _ _ _ _ _ _ _ _ _ _ _ _ _ _ _ _ _ _ _ \n..\\pages\\Homepage.py:51: in clickiphone_14\n    self.clickElement(self._clickiphone14, 'text')\n_ _ _ _ _ _ _ _ _ _ _ _ _ _ _ _ _ _ _ _ _ _ _ _ _ _ _ _ _ _ _ _ _ _ _ _ _ _ _ _ _ _ _ _ _ _ _ _ _ _ _ _ _ _ _ _ _ _ _ _ _ _ _ _ _ _ _ \n\nself = <Amazon.pages.Homepage.HomePage object at 0x00000240C8A4FE50>, locatorvalue = 'iphone 14', locatorType = 'text'\n\n    def clickElement(self, locatorvalue, locatorType='id'):\n        element = None\n        try:\n            locatorType = locatorType.lower()\n            element = self.WaitForElement(locatorvalue, locatorType)\n            element.click()\n            self.log.info(\"Clicked the Element found with Locatorvalue \" + locatorvalue + \" and with locatorType \" + locatorType)\n        except Exception as e:\n            self.log.error(\"Unable to click Element not found with Locatorvalue \" + locatorvalue + \" and with locatorType \" + locatorType)\n            self.log.exception(e)\n            self.takeScreenshot(locatorType)\n>           assert False\nE           AssertionError\n\n..\\base\\BasePage.py:70: AssertionError"}, "steps": [{"name": "clicked on serach bar to search product", "status": "passed", "start": 1692352340428, "stop": 1692352340428}, {"name": "searched the product ie iphone", "status": "passed", "start": 1692352341448, "stop": 1692352341448}], "attachments": [{"name": "text", "source": "b065eb41-134d-46bc-87df-ad34cbaa17ce-attachment.png", "type": "image/png"}, {"name": "log", "source": "15975e1e-bd4f-4d0a-9ebb-3d25cec09ea7-attachment.txt", "type": "text/plain"}], "start": 1692352339080, "stop": 1692352368337, "uuid": "423f4ebf-1559-46a5-9431-d1eaf19d0e38", "historyId": "ae8b4c5555d6978c22fa3ce4ee774053", "testCaseId": "ae8b4c5555d6978c22fa3ce4ee774053", "fullName": "test_home_page.HomePageTest#test_searchPrdoductUsingSearchLog", "labels": [{"name": "tag", "value": "run(order=3)"}, {"name": "tag", "value": "@pytest.mark.usefixtures('beforeclass')"}, {"name": "suite", "value": "test_home_page"}, {"name": "subSuite", "value": "HomePageTest"}, {"name": "host", "value": "GESLPG02JQTA"}, {"name": "thread", "value": "5664-MainThread"}, {"name": "framework", "value": "pytest"}, {"name": "language", "value": "cpython3"}, {"name": "package", "value": "test_home_page"}]}