{"name": "test_searchPrdoductUsingSearchLog", "status": "failed", "statusDetails": {"message": "AssertionError", "trace": "self = <Amazon.pages.Homepage.HomePage object at 0x00000147876CD490>, locatorvalue = 'Search Amazon.in', locatorType = 'text'\n\n    def clickElement(self, locatorvalue, locatorType='id'):\n        element = None\n        try:\n            locatorType = locatorType.lower()\n>           element = self.WaitForElement(locatorvalue, locatorType)\n\n..\\base\\BasePage.py:63: \n_ _ _ _ _ _ _ _ _ _ _ _ _ _ _ _ _ _ _ _ _ _ _ _ _ _ _ _ _ _ _ _ _ _ _ _ _ _ _ _ _ _ _ _ _ _ _ _ _ _ _ _ _ _ _ _ _ _ _ _ _ _ _ _ _ _ _ \n..\\base\\BasePage.py:39: in WaitForElement\n    element = wait.until(lambda x: x.find_element(AppiumBy.ANDROID_UIAUTOMATOR, 'text(\"%s\")' % locatorvalue))\n_ _ _ _ _ _ _ _ _ _ _ _ _ _ _ _ _ _ _ _ _ _ _ _ _ _ _ _ _ _ _ _ _ _ _ _ _ _ _ _ _ _ _ _ _ _ _ _ _ _ _ _ _ _ _ _ _ _ _ _ _ _ _ _ _ _ _ \n\nself = <selenium.webdriver.support.wait.WebDriverWait (session=\"dc307f56-618a-4b64-8851-9a6b7f1b49f6\")>\nmethod = <function BasePage.WaitForElement.<locals>.<lambda> at 0x00000147876D0900>, message = ''\n\n    def until(self, method, message: str = \"\"):\n        \"\"\"Calls the method provided with the driver as an argument until the \\\n        return value does not evaluate to ``False``.\n    \n        :param method: callable(WebDriver)\n        :param message: optional message for :exc:`TimeoutException`\n        :returns: the result of the last call to `method`\n        :raises: :exc:`selenium.common.exceptions.TimeoutException` if timeout occurs\n        \"\"\"\n        screen = None\n        stacktrace = None\n    \n        end_time = time.monotonic() + self._timeout\n        while True:\n            try:\n                value = method(self._driver)\n                if value:\n                    return value\n            except self._ignored_exceptions as exc:\n                screen = getattr(exc, \"screen\", None)\n                stacktrace = getattr(exc, \"stacktrace\", None)\n            time.sleep(self._poll)\n            if time.monotonic() > end_time:\n                break\n>       raise TimeoutException(message, screen, stacktrace)\nE       selenium.common.exceptions.TimeoutException: Message: \nE       Stacktrace:\nE       NoSuchElementError: An element could not be located on the page using the given search parameters.\nE           at AndroidUiautomator2Driver.findElOrEls (C:\\Users\\vnaganur\\.appium\\node_modules\\appium-uiautomator2-driver\\node_modules\\appium-android-driver\\lib\\commands\\find.js:75:11)\nE           at processTicksAndRejections (node:internal/process/task_queues:95:5)\nE           at AndroidUiautomator2Driver.findElOrElsWithProcessing (C:\\Users\\vnaganur\\AppData\\Roaming\\npm\\node_modules\\appium\\node_modules\\@appium\\base-driver\\lib\\basedriver\\commands\\find.ts:60:12)\nE           at AndroidUiautomator2Driver.findElement (C:\\Users\\vnaganur\\AppData\\Roaming\\npm\\node_modules\\appium\\node_modules\\@appium\\base-driver\\lib\\basedriver\\commands\\find.ts:75:12)\n\n..\\..\\venv\\Lib\\site-packages\\selenium\\webdriver\\support\\wait.py:95: TimeoutException\n\nDuring handling of the above exception, another exception occurred:\n\nself = <Amazon.tests.test_home_page.HomePageTest testMethod=test_searchPrdoductUsingSearchLog>\n\n    @pytest.mark.run(order=3)\n    def test_searchPrdoductUsingSearchLog(self):\n>       self.cf.click_on_search_bar()\n\ntest_home_page.py:26: \n_ _ _ _ _ _ _ _ _ _ _ _ _ _ _ _ _ _ _ _ _ _ _ _ _ _ _ _ _ _ _ _ _ _ _ _ _ _ _ _ _ _ _ _ _ _ _ _ _ _ _ _ _ _ _ _ _ _ _ _ _ _ _ _ _ _ _ \n..\\pages\\Homepage.py:43: in click_on_search_bar\n    self.clickElement(self._click_on_search_bar, 'text')\n_ _ _ _ _ _ _ _ _ _ _ _ _ _ _ _ _ _ _ _ _ _ _ _ _ _ _ _ _ _ _ _ _ _ _ _ _ _ _ _ _ _ _ _ _ _ _ _ _ _ _ _ _ _ _ _ _ _ _ _ _ _ _ _ _ _ _ \n\nself = <Amazon.pages.Homepage.HomePage object at 0x00000147876CD490>, locatorvalue = 'Search Amazon.in', locatorType = 'text'\n\n    def clickElement(self, locatorvalue, locatorType='id'):\n        element = None\n        try:\n            locatorType = locatorType.lower()\n            element = self.WaitForElement(locatorvalue, locatorType)\n            element.click()\n            self.log.info(\"Clicked the Element found with Locatorvalue \" + locatorvalue + \" and with locatorType \" + locatorType)\n        except Exception as e:\n            self.log.error(\"Unable to click Element not found with Locatorvalue \" + locatorvalue + \" and with locatorType \" + locatorType)\n            self.log.exception(e)\n            self.takeScreenshot(locatorType)\n>           assert False\nE           AssertionError\n\n..\\base\\BasePage.py:70: AssertionError"}, "attachments": [{"name": "text", "source": "8640ef20-961e-4ba0-9b82-75da25d29f8c-attachment.png", "type": "image/png"}, {"name": "log", "source": "dc0e9215-ade8-4331-af62-7a7bdcfff9c4-attachment.txt", "type": "text/plain"}], "start": 1692352067079, "stop": 1692352093129, "uuid": "faf6be49-6515-4c75-a99e-4d56696dd440", "historyId": "ae8b4c5555d6978c22fa3ce4ee774053", "testCaseId": "ae8b4c5555d6978c22fa3ce4ee774053", "fullName": "test_home_page.HomePageTest#test_searchPrdoductUsingSearchLog", "labels": [{"name": "tag", "value": "run(order=3)"}, {"name": "tag", "value": "@pytest.mark.usefixtures('beforeclass')"}, {"name": "suite", "value": "test_home_page"}, {"name": "subSuite", "value": "HomePageTest"}, {"name": "host", "value": "GESLPG02JQTA"}, {"name": "thread", "value": "4732-MainThread"}, {"name": "framework", "value": "pytest"}, {"name": "language", "value": "cpython3"}, {"name": "package", "value": "test_home_page"}]}